my-pwa/app/build/intermediates/manifest_merge_blame_file/release/processReleaseMainManifest/manifest-merger-blame-release-report.txt
1<?xml version="1.0" encoding="utf-8"?>
2<!--
3    Copyright 2019 Google Inc. All Rights Reserved.
4
5     Licensed under the Apache License, Version 2.0 (the "License");
6     you may not use this file except in compliance with the License.
7     You may obtain a copy of the License at
8
9         http://www.apache.org/licenses/LICENSE-2.0
10
11     Unless required by applicable law or agreed to in writing, software
12     distributed under the License is distributed on an "AS IS" BASIS,
13     WITHOUT WARRANTIES OR CONDITIONS OF ANY KIND, either express or implied.
14     See the License for the specific language governing permissions and
15     limitations under the License.
16-->
17<!--
18 The "package" attribute is rewritten by the Gradle build with the value of applicationId.
19     It is still required here, as it is used to derive paths, for instance when referring
20     to an Activity by ".MyActivity" instead of the full name. If more Activities are added to the
21     application, the package attribute will need to reflect the correct path in order to use
22     the abbreviated format.
23-->
24<manifest xmlns:android="http://schemas.android.com/apk/res/android"
25    package="com.onrender.zonapay.twa"
26    android:versionCode="1"
27    android:versionName="1" >
28
29    <uses-sdk
30        android:minSdkVersion="21"
31        android:targetSdkVersion="35" />
32
33    <uses-permission android:name="android.permission.POST_NOTIFICATIONS" />
33-->src/main/AndroidManifest.xml:26:9-80
33-->src/main/AndroidManifest.xml:26:26-78
34
35    <queries>
35-->[com.google.androidbrowserhelper:androidbrowserhelper:2.6.0] AndroidManifest.xml:22:5-30:15
36        <intent>
36-->[com.google.androidbrowserhelper:androidbrowserhelper:2.6.0] AndroidManifest.xml:23:9-29:18
37            <action android:name="android.intent.action.VIEW" />
37-->src/main/AndroidManifest.xml:137:17-68
37-->src/main/AndroidManifest.xml:137:25-66
38
39            <category android:name="android.intent.category.BROWSABLE" />
39-->src/main/AndroidManifest.xml:139:17-77
39-->src/main/AndroidManifest.xml:139:27-75
40
41            <data android:scheme="https" />
41-->src/main/AndroidManifest.xml:140:17-143:19
41-->src/main/AndroidManifest.xml:140:23-45
42        </intent>
43        <intent>
43-->[com.android.billingclient:billing:6.2.1] AndroidManifest.xml:13:9-15:18
44            <action android:name="com.android.vending.billing.InAppBillingService.BIND" />
44-->[com.android.billingclient:billing:6.2.1] AndroidManifest.xml:14:13-91
44-->[com.android.billingclient:billing:6.2.1] AndroidManifest.xml:14:21-88
45        </intent>
46    </queries>
47
48    <uses-permission android:name="com.android.vending.BILLING" />
48-->[com.android.billingclient:billing:6.2.1] AndroidManifest.xml:10:5-67
48-->[com.android.billingclient:billing:6.2.1] AndroidManifest.xml:10:22-64
49
50    <permission
50-->[androidx.core:core:1.13.0] AndroidManifest.xml:22:5-24:47
51        android:name="com.onrender.zonapay.twa.DYNAMIC_RECEIVER_NOT_EXPORTED_PERMISSION"
51-->[androidx.core:core:1.13.0] AndroidManifest.xml:23:9-81
52        android:protectionLevel="signature" />
52-->[androidx.core:core:1.13.0] AndroidManifest.xml:24:9-44
53
54    <uses-permission android:name="com.onrender.zonapay.twa.DYNAMIC_RECEIVER_NOT_EXPORTED_PERMISSION" /> <!-- Although the *SdkVersion is captured in gradle build files, this is required for non gradle builds -->
54-->[androidx.core:core:1.13.0] AndroidManifest.xml:26:5-97
54-->[androidx.core:core:1.13.0] AndroidManifest.xml:26:22-94
55    <!-- <uses-sdk android:minSdkVersion="14"/> -->
56    <uses-permission android:name="android.permission.ACCESS_NETWORK_STATE" />
56-->[com.google.android.datatransport:transport-backend-cct:3.1.8] AndroidManifest.xml:24:5-79
56-->[com.google.android.datatransport:transport-backend-cct:3.1.8] AndroidManifest.xml:24:22-76
57    <uses-permission android:name="android.permission.INTERNET" />
57-->[com.google.android.datatransport:transport-backend-cct:3.1.8] AndroidManifest.xml:25:5-67
57-->[com.google.android.datatransport:transport-backend-cct:3.1.8] AndroidManifest.xml:25:22-64
58
59    <application
59-->src/main/AndroidManifest.xml:35:5-213:19
60        android:name="com.onrender.zonapay.twa.Application"
60-->src/main/AndroidManifest.xml:36:9-35
61        android:allowBackup="true"
61-->src/main/AndroidManifest.xml:37:9-35
62        android:appComponentFactory="androidx.core.app.CoreComponentFactory"
62-->[androidx.core:core:1.13.0] AndroidManifest.xml:28:18-86
63        android:extractNativeLibs="true"
64        android:icon="@mipmap/ic_launcher"
64-->src/main/AndroidManifest.xml:38:9-43
65        android:label="@string/appName"
65-->src/main/AndroidManifest.xml:39:9-40
66        android:manageSpaceActivity="com.google.androidbrowserhelper.trusted.ManageDataLauncherActivity"
66-->src/main/AndroidManifest.xml:41:9-105
67        android:supportsRtl="true"
67-->src/main/AndroidManifest.xml:43:9-35
68        android:theme="@android:style/Theme.Translucent.NoTitleBar" >
68-->src/main/AndroidManifest.xml:44:9-68
69        <meta-data
69-->src/main/AndroidManifest.xml:46:9-48:58
70            android:name="asset_statements"
70-->src/main/AndroidManifest.xml:47:13-44
71            android:resource="@string/assetStatements" />
71-->src/main/AndroidManifest.xml:48:13-55
72        <meta-data
72-->src/main/AndroidManifest.xml:51:13-53:58
73            android:name="web_manifest_url"
73-->src/main/AndroidManifest.xml:52:17-48
74            android:value="@string/webManifestUrl" />
74-->src/main/AndroidManifest.xml:53:17-55
75        <meta-data
75-->src/main/AndroidManifest.xml:56:9-58:52
76            android:name="twa_generator"
76-->src/main/AndroidManifest.xml:57:13-41
77            android:value="@string/generatorApp" />
77-->src/main/AndroidManifest.xml:58:13-49
78
79        <activity android:name="com.google.androidbrowserhelper.trusted.ManageDataLauncherActivity" >
79-->src/main/AndroidManifest.xml:65:13-69:24
79-->src/main/AndroidManifest.xml:65:23-104
80            <meta-data
80-->src/main/AndroidManifest.xml:66:13-68:53
81                android:name="android.support.customtabs.trusted.MANAGE_SPACE_URL"
81-->src/main/AndroidManifest.xml:67:17-83
82                android:value="@string/launchUrl" />
82-->src/main/AndroidManifest.xml:68:17-50
83        </activity>
84        <activity
84-->src/main/AndroidManifest.xml:72:9-149:20
85            android:name="com.onrender.zonapay.twa.LauncherActivity"
85-->src/main/AndroidManifest.xml:72:19-50
86            android:alwaysRetainTaskState="true"
86-->src/main/AndroidManifest.xml:73:13-49
87            android:exported="true"
87-->src/main/AndroidManifest.xml:75:13-36
88            android:label="@string/launcherName" >
88-->src/main/AndroidManifest.xml:74:13-49
89            <meta-data
89-->src/main/AndroidManifest.xml:76:13-77:53
90                android:name="android.support.customtabs.trusted.DEFAULT_URL"
90-->src/main/AndroidManifest.xml:76:24-85
91                android:value="@string/launchUrl" />
91-->src/main/AndroidManifest.xml:77:17-50
92            <meta-data
92-->src/main/AndroidManifest.xml:79:13-81:58
93                android:name="android.support.customtabs.trusted.STATUS_BAR_COLOR"
93-->src/main/AndroidManifest.xml:80:17-83
94                android:resource="@color/colorPrimary" />
94-->src/main/AndroidManifest.xml:81:17-55
95            <meta-data
95-->src/main/AndroidManifest.xml:83:13-85:62
96                android:name="android.support.customtabs.trusted.STATUS_BAR_COLOR_DARK"
96-->src/main/AndroidManifest.xml:84:17-88
97                android:resource="@color/colorPrimaryDark" />
97-->src/main/AndroidManifest.xml:85:17-59
98            <meta-data
98-->src/main/AndroidManifest.xml:87:13-89:61
99                android:name="android.support.customtabs.trusted.NAVIGATION_BAR_COLOR"
99-->src/main/AndroidManifest.xml:88:17-87
100                android:resource="@color/navigationColor" />
100-->src/main/AndroidManifest.xml:89:17-58
101            <meta-data
101-->src/main/AndroidManifest.xml:91:13-93:65
102                android:name="android.support.customtabs.trusted.NAVIGATION_BAR_COLOR_DARK"
102-->src/main/AndroidManifest.xml:92:17-92
103                android:resource="@color/navigationColorDark" />
103-->src/main/AndroidManifest.xml:93:17-62
104            <meta-data
104-->src/main/AndroidManifest.xml:95:13-97:68
105                android:name="androix.browser.trusted.NAVIGATION_BAR_DIVIDER_COLOR"
105-->src/main/AndroidManifest.xml:96:17-84
106                android:resource="@color/navigationDividerColor" />
106-->src/main/AndroidManifest.xml:97:17-65
107            <meta-data
107-->src/main/AndroidManifest.xml:99:13-101:72
108                android:name="androix.browser.trusted.NAVIGATION_BAR_DIVIDER_COLOR_DARK"
108-->src/main/AndroidManifest.xml:100:17-89
109                android:resource="@color/navigationDividerColorDark" />
109-->src/main/AndroidManifest.xml:101:17-69
110            <meta-data
110-->src/main/AndroidManifest.xml:103:13-104:54
111                android:name="android.support.customtabs.trusted.SPLASH_IMAGE_DRAWABLE"
111-->src/main/AndroidManifest.xml:103:24-95
112                android:resource="@drawable/splash" />
112-->src/main/AndroidManifest.xml:104:17-52
113            <meta-data
113-->src/main/AndroidManifest.xml:106:13-107:60
114                android:name="android.support.customtabs.trusted.SPLASH_SCREEN_BACKGROUND_COLOR"
114-->src/main/AndroidManifest.xml:106:24-104
115                android:resource="@color/backgroundColor" />
115-->src/main/AndroidManifest.xml:107:17-58
116            <meta-data
116-->src/main/AndroidManifest.xml:109:13-110:71
117                android:name="android.support.customtabs.trusted.SPLASH_SCREEN_FADE_OUT_DURATION"
117-->src/main/AndroidManifest.xml:109:24-105
118                android:value="@integer/splashScreenFadeOutDuration" />
118-->src/main/AndroidManifest.xml:110:17-69
119            <meta-data
119-->src/main/AndroidManifest.xml:112:13-113:60
120                android:name="android.support.customtabs.trusted.FILE_PROVIDER_AUTHORITY"
120-->src/main/AndroidManifest.xml:112:24-97
121                android:value="@string/providerAuthority" />
121-->src/main/AndroidManifest.xml:113:17-58
122            <meta-data
122-->src/main/AndroidManifest.xml:115:13-97
123                android:name="android.app.shortcuts"
123-->src/main/AndroidManifest.xml:115:24-60
124                android:resource="@xml/shortcuts" />
124-->src/main/AndroidManifest.xml:115:61-94
125            <meta-data
125-->src/main/AndroidManifest.xml:117:13-118:56
126                android:name="android.support.customtabs.trusted.FALLBACK_STRATEGY"
126-->src/main/AndroidManifest.xml:117:24-91
127                android:value="@string/fallbackType" />
127-->src/main/AndroidManifest.xml:118:17-53
128            <meta-data
128-->src/main/AndroidManifest.xml:124:13-125:54
129                android:name="android.support.customtabs.trusted.SCREEN_ORIENTATION"
129-->src/main/AndroidManifest.xml:124:24-92
130                android:value="@string/orientation" />
130-->src/main/AndroidManifest.xml:125:17-52
131
132            <intent-filter>
132-->src/main/AndroidManifest.xml:131:13-134:29
133                <action android:name="android.intent.action.MAIN" />
133-->src/main/AndroidManifest.xml:132:17-69
133-->src/main/AndroidManifest.xml:132:25-66
134
135                <category android:name="android.intent.category.LAUNCHER" />
135-->src/main/AndroidManifest.xml:133:17-77
135-->src/main/AndroidManifest.xml:133:27-74
136            </intent-filter>
137            <intent-filter android:autoVerify="true" >
137-->src/main/AndroidManifest.xml:136:13-144:29
137-->src/main/AndroidManifest.xml:136:28-53
138                <action android:name="android.intent.action.VIEW" />
138-->src/main/AndroidManifest.xml:137:17-68
138-->src/main/AndroidManifest.xml:137:25-66
139
140                <category android:name="android.intent.category.DEFAULT" />
140-->src/main/AndroidManifest.xml:138:17-76
140-->src/main/AndroidManifest.xml:138:27-73
141                <category android:name="android.intent.category.BROWSABLE" />
141-->src/main/AndroidManifest.xml:139:17-77
141-->src/main/AndroidManifest.xml:139:27-75
142
143                <data
143-->src/main/AndroidManifest.xml:140:17-143:19
144                    android:host="@string/hostName"
144-->src/main/AndroidManifest.xml:141:21-52
145                    android:scheme="https" />
145-->src/main/AndroidManifest.xml:140:23-45
146            </intent-filter>
147        </activity>
148        <activity android:name="com.google.androidbrowserhelper.trusted.FocusActivity" />
148-->src/main/AndroidManifest.xml:151:9-90
148-->src/main/AndroidManifest.xml:151:19-87
149        <activity
149-->src/main/AndroidManifest.xml:153:9-154:62
150            android:name="com.google.androidbrowserhelper.trusted.WebViewFallbackActivity"
150-->src/main/AndroidManifest.xml:153:19-97
151            android:configChanges="orientation|screenSize" />
151-->src/main/AndroidManifest.xml:154:13-59
152
153        <provider
153-->src/main/AndroidManifest.xml:156:9-164:20
154            android:name="androidx.core.content.FileProvider"
154-->src/main/AndroidManifest.xml:157:13-62
155            android:authorities="@string/providerAuthority"
155-->src/main/AndroidManifest.xml:158:13-60
156            android:exported="false"
156-->src/main/AndroidManifest.xml:160:13-37
157            android:grantUriPermissions="true" >
157-->src/main/AndroidManifest.xml:159:13-47
158            <meta-data
158-->src/main/AndroidManifest.xml:161:13-163:53
159                android:name="android.support.FILE_PROVIDER_PATHS"
159-->src/main/AndroidManifest.xml:162:17-67
160                android:resource="@xml/filepaths" />
160-->src/main/AndroidManifest.xml:163:17-50
161        </provider>
162
163        <service
163-->src/main/AndroidManifest.xml:166:9-181:19
164            android:name="com.onrender.zonapay.twa.DelegationService"
164-->src/main/AndroidManifest.xml:167:13-46
165            android:enabled="@bool/enableNotification"
165-->src/main/AndroidManifest.xml:168:13-55
166            android:exported="@bool/enableNotification" >
166-->src/main/AndroidManifest.xml:169:13-56
167            <meta-data
167-->src/main/AndroidManifest.xml:172:17-174:73
168                android:name="android.support.customtabs.trusted.SMALL_ICON"
168-->src/main/AndroidManifest.xml:173:21-81
169                android:resource="@drawable/ic_notification_icon" />
169-->src/main/AndroidManifest.xml:174:21-70
170
171            <intent-filter>
171-->src/main/AndroidManifest.xml:177:13-180:29
172                <action android:name="android.support.customtabs.trusted.TRUSTED_WEB_ACTIVITY_SERVICE" />
172-->src/main/AndroidManifest.xml:178:17-105
172-->src/main/AndroidManifest.xml:178:25-103
173
174                <category android:name="android.intent.category.DEFAULT" />
174-->src/main/AndroidManifest.xml:138:17-76
174-->src/main/AndroidManifest.xml:138:27-73
175            </intent-filter>
176        </service>
177
178        <activity android:name="com.google.androidbrowserhelper.trusted.NotificationPermissionRequestActivity" />
178-->src/main/AndroidManifest.xml:184:13-118
178-->src/main/AndroidManifest.xml:184:23-115
179        <activity
179-->src/main/AndroidManifest.xml:189:9-202:20
180            android:name="com.google.androidbrowserhelper.playbilling.provider.PaymentActivity"
180-->src/main/AndroidManifest.xml:190:13-96
181            android:configChanges="keyboardHidden|keyboard|orientation|screenLayout|screenSize"
181-->src/main/AndroidManifest.xml:192:13-96
182            android:exported="true"
182-->src/main/AndroidManifest.xml:193:13-36
183            android:theme="@android:style/Theme.Translucent.NoTitleBar" >
183-->src/main/AndroidManifest.xml:191:13-72
184            <intent-filter>
184-->src/main/AndroidManifest.xml:195:13-197:29
185                <action android:name="org.chromium.intent.action.PAY" />
185-->src/main/AndroidManifest.xml:196:17-73
185-->src/main/AndroidManifest.xml:196:25-70
186            </intent-filter>
187
188            <meta-data
188-->src/main/AndroidManifest.xml:199:13-201:67
189                android:name="org.chromium.default_payment_method_name"
189-->src/main/AndroidManifest.xml:200:17-72
190                android:value="https://play.google.com/billing" />
190-->src/main/AndroidManifest.xml:201:17-64
191        </activity>
192
193        <!-- This service checks who calls it at runtime. -->
194        <service
194-->src/main/AndroidManifest.xml:205:9-211:19
195            android:name="com.google.androidbrowserhelper.playbilling.provider.PaymentService"
195-->src/main/AndroidManifest.xml:206:13-95
196            android:exported="true" >
196-->src/main/AndroidManifest.xml:207:13-36
197            <intent-filter>
197-->src/main/AndroidManifest.xml:208:13-210:29
198                <action android:name="org.chromium.intent.action.IS_READY_TO_PAY" />
198-->src/main/AndroidManifest.xml:209:17-85
198-->src/main/AndroidManifest.xml:209:25-82
199            </intent-filter>
200        </service>
201
202        <meta-data
202-->[com.android.billingclient:billing:6.2.1] AndroidManifest.xml:19:9-21:37
203            android:name="com.google.android.play.billingclient.version"
203-->[com.android.billingclient:billing:6.2.1] AndroidManifest.xml:20:13-73
204            android:value="6.2.1" />
204-->[com.android.billingclient:billing:6.2.1] AndroidManifest.xml:21:13-34
205
206        <activity
206-->[com.android.billingclient:billing:6.2.1] AndroidManifest.xml:23:9-27:75
207            android:name="com.android.billingclient.api.ProxyBillingActivity"
207-->[com.android.billingclient:billing:6.2.1] AndroidManifest.xml:24:13-78
208            android:configChanges="keyboard|keyboardHidden|screenLayout|screenSize|orientation"
208-->[com.android.billingclient:billing:6.2.1] AndroidManifest.xml:25:13-96
209            android:exported="false"
209-->[com.android.billingclient:billing:6.2.1] AndroidManifest.xml:26:13-37
210            android:theme="@android:style/Theme.Translucent.NoTitleBar" />
210-->[com.android.billingclient:billing:6.2.1] AndroidManifest.xml:27:13-72
211        <activity
211-->[com.android.billingclient:billing:6.2.1] AndroidManifest.xml:28:9-32:75
212            android:name="com.android.billingclient.api.ProxyBillingActivityV2"
212-->[com.android.billingclient:billing:6.2.1] AndroidManifest.xml:29:13-80
213            android:configChanges="keyboard|keyboardHidden|screenLayout|screenSize|orientation"
213-->[com.android.billingclient:billing:6.2.1] AndroidManifest.xml:30:13-96
214            android:exported="false"
214-->[com.android.billingclient:billing:6.2.1] AndroidManifest.xml:31:13-37
215            android:theme="@android:style/Theme.Translucent.NoTitleBar" />
215-->[com.android.billingclient:billing:6.2.1] AndroidManifest.xml:32:13-72
216        <activity
216-->[com.google.android.gms:play-services-base:18.3.0] AndroidManifest.xml:20:9-22:45
217            android:name="com.google.android.gms.common.api.GoogleApiActivity"
217-->[com.google.android.gms:play-services-base:18.3.0] AndroidManifest.xml:20:19-85
218            android:exported="false"
218-->[com.google.android.gms:play-services-base:18.3.0] AndroidManifest.xml:22:19-43
219            android:theme="@android:style/Theme.Translucent.NoTitleBar" />
219-->[com.google.android.gms:play-services-base:18.3.0] AndroidManifest.xml:21:19-78
220
221        <meta-data
221-->[com.google.android.gms:play-services-basement:18.3.0] AndroidManifest.xml:21:9-23:69
222            android:name="com.google.android.gms.version"
222-->[com.google.android.gms:play-services-basement:18.3.0] AndroidManifest.xml:22:13-58
223            android:value="@integer/google_play_services_version" />
223-->[com.google.android.gms:play-services-basement:18.3.0] AndroidManifest.xml:23:13-66
224
225        <service
225-->[com.google.android.datatransport:transport-backend-cct:3.1.8] AndroidManifest.xml:28:9-34:19
226            android:name="com.google.android.datatransport.runtime.backends.TransportBackendDiscovery"
226-->[com.google.android.datatransport:transport-backend-cct:3.1.8] AndroidManifest.xml:29:13-103
227            android:exported="false" >
227-->[com.google.android.datatransport:transport-backend-cct:3.1.8] AndroidManifest.xml:30:13-37
228            <meta-data
228-->[com.google.android.datatransport:transport-backend-cct:3.1.8] AndroidManifest.xml:31:13-33:39
229                android:name="backend:com.google.android.datatransport.cct.CctBackendFactory"
229-->[com.google.android.datatransport:transport-backend-cct:3.1.8] AndroidManifest.xml:32:17-94
230                android:value="cct" />
230-->[com.google.android.datatransport:transport-backend-cct:3.1.8] AndroidManifest.xml:33:17-36
231        </service>
232        <service
232-->[com.google.android.datatransport:transport-runtime:3.1.8] AndroidManifest.xml:26:9-30:19
233            android:name="com.google.android.datatransport.runtime.scheduling.jobscheduling.JobInfoSchedulerService"
233-->[com.google.android.datatransport:transport-runtime:3.1.8] AndroidManifest.xml:27:13-117
234            android:exported="false"
234-->[com.google.android.datatransport:transport-runtime:3.1.8] AndroidManifest.xml:28:13-37
235            android:permission="android.permission.BIND_JOB_SERVICE" >
235-->[com.google.android.datatransport:transport-runtime:3.1.8] AndroidManifest.xml:29:13-69
236        </service>
237
238        <receiver
238-->[com.google.android.datatransport:transport-runtime:3.1.8] AndroidManifest.xml:32:9-34:40
239            android:name="com.google.android.datatransport.runtime.scheduling.jobscheduling.AlarmManagerSchedulerBroadcastReceiver"
239-->[com.google.android.datatransport:transport-runtime:3.1.8] AndroidManifest.xml:33:13-132
240            android:exported="false" />
240-->[com.google.android.datatransport:transport-runtime:3.1.8] AndroidManifest.xml:34:13-37
241
242        <provider
242-->[androidx.profileinstaller:profileinstaller:1.3.1] AndroidManifest.xml:24:9-32:20
243            android:name="androidx.startup.InitializationProvider"
243-->[androidx.profileinstaller:profileinstaller:1.3.1] AndroidManifest.xml:25:13-67
244            android:authorities="com.onrender.zonapay.twa.androidx-startup"
244-->[androidx.profileinstaller:profileinstaller:1.3.1] AndroidManifest.xml:26:13-68
245            android:exported="false" >
245-->[androidx.profileinstaller:profileinstaller:1.3.1] AndroidManifest.xml:27:13-37
246            <meta-data
246-->[androidx.profileinstaller:profileinstaller:1.3.1] AndroidManifest.xml:29:13-31:52
247                android:name="androidx.profileinstaller.ProfileInstallerInitializer"
247-->[androidx.profileinstaller:profileinstaller:1.3.1] AndroidManifest.xml:30:17-85
248                android:value="androidx.startup" />
248-->[androidx.profileinstaller:profileinstaller:1.3.1] AndroidManifest.xml:31:17-49
249        </provider>
250
251        <receiver
251-->[androidx.profileinstaller:profileinstaller:1.3.1] AndroidManifest.xml:34:9-52:20
252            android:name="androidx.profileinstaller.ProfileInstallReceiver"
252-->[androidx.profileinstaller:profileinstaller:1.3.1] AndroidManifest.xml:35:13-76
253            android:directBootAware="false"
253-->[androidx.profileinstaller:profileinstaller:1.3.1] AndroidManifest.xml:36:13-44
254            android:enabled="true"
254-->[androidx.profileinstaller:profileinstaller:1.3.1] AndroidManifest.xml:37:13-35
255            android:exported="true"
255-->[androidx.profileinstaller:profileinstaller:1.3.1] AndroidManifest.xml:38:13-36
256            android:permission="android.permission.DUMP" >
256-->[androidx.profileinstaller:profileinstaller:1.3.1] AndroidManifest.xml:39:13-57
257            <intent-filter>
257-->[androidx.profileinstaller:profileinstaller:1.3.1] AndroidManifest.xml:40:13-42:29
258                <action android:name="androidx.profileinstaller.action.INSTALL_PROFILE" />
258-->[androidx.profileinstaller:profileinstaller:1.3.1] AndroidManifest.xml:41:17-91
258-->[androidx.profileinstaller:profileinstaller:1.3.1] AndroidManifest.xml:41:25-88
259            </intent-filter>
260            <intent-filter>
260-->[androidx.profileinstaller:profileinstaller:1.3.1] AndroidManifest.xml:43:13-45:29
261                <action android:name="androidx.profileinstaller.action.SKIP_FILE" />
261-->[androidx.profileinstaller:profileinstaller:1.3.1] AndroidManifest.xml:44:17-85
261-->[androidx.profileinstaller:profileinstaller:1.3.1] AndroidManifest.xml:44:25-82
262            </intent-filter>
263            <intent-filter>
263-->[androidx.profileinstaller:profileinstaller:1.3.1] AndroidManifest.xml:46:13-48:29
264                <action android:name="androidx.profileinstaller.action.SAVE_PROFILE" />
264-->[androidx.profileinstaller:profileinstaller:1.3.1] AndroidManifest.xml:47:17-88
264-->[androidx.profileinstaller:profileinstaller:1.3.1] AndroidManifest.xml:47:25-85
265            </intent-filter>
266            <intent-filter>
266-->[androidx.profileinstaller:profileinstaller:1.3.1] AndroidManifest.xml:49:13-51:29
267                <action android:name="androidx.profileinstaller.action.BENCHMARK_OPERATION" />
267-->[androidx.profileinstaller:profileinstaller:1.3.1] AndroidManifest.xml:50:17-95
267-->[androidx.profileinstaller:profileinstaller:1.3.1] AndroidManifest.xml:50:25-92
268            </intent-filter>
269        </receiver>
270    </application>
271
272</manifest>